<?xml version="1.0" encoding="UTF-8"?>
<!-- Generated by org.testng.reporters.JUnitReportReporter -->
<testsuite hostname="user1" failures="0" tests="1" name="testScripts.RadioButtonTest" time="7.996" errors="0" timestamp="2025-03-27T15:44:49 IST" skipped="0">
  <testcase classname="testScripts.RadioButtonTest" name="selectRadioTest" time="7.996"/>
</testsuite> <!-- testScripts.RadioButtonTest -->
