<?xml version="1.0" encoding="UTF-8"?>
<!-- Generated by org.testng.reporters.JUnitReportReporter -->
<testsuite hostname="user1" failures="0" tests="1" name="testScripts.DownloadFileTest" time="9.397" errors="0" timestamp="2025-03-28T15:03:35 IST" skipped="0">
  <testcase classname="testScripts.DownloadFileTest" name="fileDownload" time="9.397"/>
</testsuite> <!-- testScripts.DownloadFileTest -->
