<?xml version="1.0" encoding="UTF-8"?>
<!-- Generated by org.testng.reporters.JUnitReportReporter -->
<testsuite hostname="user1" failures="0" tests="1" name="testScripts.WebtabletestTest" time="5.912" errors="0" timestamp="2025-03-25T16:42:32 IST" skipped="0">
  <testcase classname="testScripts.WebtabletestTest" name="dynamicWebTable" time="5.912"/>
</testsuite> <!-- testScripts.WebtabletestTest -->
