<?xml version="1.0" encoding="UTF-8"?>
<!-- Generated by org.testng.reporters.JUnitReportReporter -->
<testsuite hostname="user1" failures="0" tests="1" name="testScripts.RadioChkBoxTest" time="7.857" errors="0" timestamp="2025-03-27T15:36:20 IST" skipped="0">
  <testcase classname="testScripts.RadioChkBoxTest" name="selectRadioTest" time="7.857"/>
</testsuite> <!-- testScripts.RadioChkBoxTest -->
