<?xml version="1.0" encoding="UTF-8"?>
<!-- Generated by org.testng.reporters.JUnitReportReporter -->
<testsuite hostname="user1" failures="0" tests="4" name="parallelScripts.SampleTwoTest" time="17.995" errors="0" timestamp="2025-04-03T14:49:14 IST" skipped="0">
  <testcase classname="parallelScripts.SampleTwoTest" name="testThree" time="4.546"/>
  <testcase classname="parallelScripts.SampleTwoTest" name="testFour" time="4.468"/>
  <testcase classname="parallelScripts.SampleTwoTest" name="testOne" time="4.009"/>
  <testcase classname="parallelScripts.SampleTwoTest" name="testTwo" time="4.972"/>
</testsuite> <!-- parallelScripts.SampleTwoTest -->
