<?xml version="1.0" encoding="UTF-8"?>
<!-- Generated by org.testng.reporters.JUnitReportReporter -->
<testsuite hostname="user1" failures="0" tests="1" name="testScripts.JavaScriptExecTest" time="6.329" errors="0" timestamp="2025-04-01T17:11:00 IST" skipped="0">
  <testcase classname="testScripts.JavaScriptExecTest" name="voidTest" time="6.329"/>
</testsuite> <!-- testScripts.JavaScriptExecTest -->
