<?xml version="1.0" encoding="UTF-8"?>
<!-- Generated by org.testng.reporters.JUnitReportReporter -->
<testsuite hostname="user1" failures="0" tests="4" name="parallelScripts.SampleOneTest" time="17.400" errors="0" timestamp="2025-04-03T14:27:29 IST" skipped="0">
  <testcase classname="parallelScripts.SampleOneTest" name="testTwo" time="4.489"/>
  <testcase classname="parallelScripts.SampleOneTest" name="testOne" time="4.681"/>
  <testcase classname="parallelScripts.SampleOneTest" name="testFour" time="4.091"/>
  <testcase classname="parallelScripts.SampleOneTest" name="testThree" time="4.139"/>
</testsuite> <!-- parallelScripts.SampleOneTest -->
