<?xml version="1.0" encoding="UTF-8"?>
<!-- Generated by org.testng.reporters.JUnitReportReporter -->
<testsuite hostname="user1" failures="0" tests="1" name="testScripts.ToolTipTest" time="3.867" errors="0" timestamp="2025-04-01T13:39:00 IST" skipped="0">
  <testcase classname="testScripts.ToolTipTest" name="tooltip" time="3.867"/>
</testsuite> <!-- testScripts.ToolTipTest -->
