<?xml version="1.0" encoding="UTF-8"?>
<!-- Generated by org.testng.reporters.JUnitReportReporter -->
<testsuite hostname="user1" failures="0" tests="1" name="testScripts.GooglePageTest" time="7.410" errors="0" timestamp="2025-03-26T06:46:01 IST" skipped="0">
  <testcase classname="testScripts.GooglePageTest" name="seleniumSearch" time="7.410"/>
</testsuite> <!-- testScripts.GooglePageTest -->
