<?xml version="1.0" encoding="UTF-8"?>
<!-- Generated by org.testng.reporters.JUnitReportReporter -->
<testsuite hostname="user1" failures="0" tests="1" name="testScripts.GooglePageTest" time="8.385" errors="0" timestamp="2025-03-27T14:22:59 IST" skipped="0">
  <testcase classname="testScripts.GooglePageTest" name="seleniumSearch" time="8.385"/>
</testsuite> <!-- testScripts.GooglePageTest -->
