<?xml version="1.0" encoding="UTF-8"?>
<!-- Generated by org.testng.reporters.JUnitReportReporter -->
<testsuite hostname="user1" failures="0" tests="1" name="testScripts.DropDownTest" time="6.479" errors="0" timestamp="2025-03-27T17:01:21 IST" skipped="0">
  <testcase classname="testScripts.DropDownTest" name="selectDrpDownTest" time="6.479"/>
</testsuite> <!-- testScripts.DropDownTest -->
