<?xml version="1.0" encoding="UTF-8"?>
<!-- Generated by org.testng.reporters.JUnitReportReporter -->
<testsuite hostname="user1" failures="0" tests="1" name="testScripts.RadioButtonTest" time="7.072" errors="0" timestamp="2025-04-01T17:11:00 IST" skipped="0">
  <testcase classname="testScripts.RadioButtonTest" name="selectRadioTest" time="7.072"/>
</testsuite> <!-- testScripts.RadioButtonTest -->
