<?xml version="1.0" encoding="UTF-8"?>
<!-- Generated by org.testng.reporters.JUnitReportReporter -->
<testsuite hostname="user1" failures="0" tests="2" name="testScripts.CDPTest" time="8.664" errors="0" timestamp="2025-04-04T17:42:24 IST" skipped="0">
  <testcase classname="testScripts.CDPTest" name="deviceModeTest" time="3.291"/>
  <testcase classname="testScripts.CDPTest" name="geoLocationTest" time="5.373"/>
</testsuite> <!-- testScripts.CDPTest -->
