<?xml version="1.0" encoding="UTF-8"?>
<!-- Generated by org.testng.reporters.JUnitReportReporter -->
<testsuite hostname="user1" failures="0" tests="4" name="groupScripts.SampleOneTest" time="0.036" errors="0" timestamp="2025-04-02T16:36:21 IST" skipped="0">
  <testcase classname="groupScripts.SampleOneTest" name="testThree" time="0.021"/>
  <testcase classname="groupScripts.SampleOneTest" name="testTwo" time="0.005"/>
  <testcase classname="groupScripts.SampleOneTest" name="testOne" time="0.002"/>
  <testcase classname="groupScripts.SampleOneTest" name="testFour" time="0.008"/>
</testsuite> <!-- groupScripts.SampleOneTest -->
