<?xml version="1.0" encoding="UTF-8"?>
<!-- Generated by org.testng.reporters.JUnitReportReporter -->
<testsuite hostname="user1" failures="0" tests="4" name="groupScripts.SampleThreeTest" time="0.018" errors="0" timestamp="2025-04-02T16:36:21 IST" skipped="0">
  <testcase classname="groupScripts.SampleThreeTest" name="testOne" time="0.005"/>
  <testcase classname="groupScripts.SampleThreeTest" name="testThree" time="0.005"/>
  <testcase classname="groupScripts.SampleThreeTest" name="testTwo" time="0.004"/>
  <testcase classname="groupScripts.SampleThreeTest" name="testFour" time="0.004"/>
</testsuite> <!-- groupScripts.SampleThreeTest -->
