<?xml version="1.0" encoding="UTF-8"?>
<!-- Generated by org.testng.reporters.JUnitReportReporter -->
<testsuite hostname="user1" failures="0" tests="4" name="parallelScripts.SampleOneTest" time="7.083" errors="0" timestamp="2025-04-03T14:49:14 IST" skipped="0">
  <testcase classname="parallelScripts.SampleOneTest" name="testFour" time="2.150"/>
  <testcase classname="parallelScripts.SampleOneTest" name="testOne" time="1.090"/>
  <testcase classname="parallelScripts.SampleOneTest" name="testThree" time="2.406"/>
  <testcase classname="parallelScripts.SampleOneTest" name="testTwo" time="1.437"/>
</testsuite> <!-- parallelScripts.SampleOneTest -->
